#
# A fatal error has been detected by the Java Runtime Environment:
#
#  EXCEPTION_ACCESS_VIOLATION (0xc0000005) at pc=0x00007fff8c745b3d, pid=3512, tid=4700
#
# JRE version: Java(TM) SE Runtime Environment 18.9 (11.0.11+9) (build 11.0.11+9-LTS-194)
# Java VM: Java HotSpot(TM) 64-Bit Server VM 18.9 (11.0.11+9-LTS-194, mixed mode, tiered, compressed oops, g1 gc, windows-amd64)
# Problematic frame:
# C  0x00007fff8c745b3d
#
# No core dump will be written. Minidumps are not enabled by default on client versions of Windows
#
# If you would like to submit a bug report, please visit:
#   https://bugreport.java.com/bugreport/crash.jsp
# The crash happened outside the Java Virtual Machine in native code.
# See problematic frame for where to report the bug.
#

---------------  S U M M A R Y ------------

Command Line: -javaagent:C:\Program Files\JetBrains\IntelliJ IDEA 2021.2.3\lib\idea_rt.jar=51655:C:\Program Files\JetBrains\IntelliJ IDEA 2021.2.3\bin -Dfile.encoding=UTF-8 com.serkox.main.Main

Host: AMD Ryzen 7 2700X Eight-Core Processor         , 16 cores, 15G,  Windows 10 , 64 bit Build 19041 (10.0.19041.1348)
Time: Fri Jan  7 19:34:27 2022 Paris, Madrid elapsed time: 92.042604 seconds (0d 0h 1m 32s)

---------------  T H R E A D  ---------------

Current thread (0x0000023cc5b2a800):  JavaThread "AWT-EventQueue-0" [_thread_in_native, id=4700, stack(0x000000cfd9300000,0x000000cfd9400000)]

Stack: [0x000000cfd9300000,0x000000cfd9400000],  sp=0x000000cfd93fa2a0,  free space=1000k
Native frames: (J=compiled Java code, j=interpreted, Vv=VM code, C=native code)
C  0x00007fff8c745b3d

Java frames: (J=compiled Java code, j=interpreted, Vv=VM code)
j  sun.java2d.d3d.D3DSurfaceData.initOps(III)V+0 java.desktop@11.0.11
j  sun.java2d.d3d.D3DSurfaceData.<init>(Lsun/awt/windows/WComponentPeer;Lsun/java2d/d3d/D3DGraphicsConfig;IILjava/awt/Image;Ljava/awt/image/ColorModel;IILsun/java2d/pipe/hw/ExtendedBufferCapabilities$VSyncType;I)V+212 java.desktop@11.0.11
j  sun.java2d.d3d.D3DSurfaceData.createData(Lsun/java2d/d3d/D3DGraphicsConfig;IILjava/awt/image/ColorModel;Ljava/awt/Image;I)Lsun/java2d/d3d/D3DSurfaceData;+70 java.desktop@11.0.11
j  sun.java2d.d3d.D3DGraphicsConfig.createManagedSurface(III)Lsun/java2d/SurfaceData;+10 java.desktop@11.0.11
j  sun.java2d.d3d.D3DSurfaceDataProxy.validateSurfaceData(Lsun/java2d/SurfaceData;Lsun/java2d/SurfaceData;II)Lsun/java2d/SurfaceData;+22 java.desktop@11.0.11
j  sun.java2d.SurfaceDataProxy.replaceData(Lsun/java2d/SurfaceData;ILsun/java2d/loops/CompositeType;Ljava/awt/Color;)Lsun/java2d/SurfaceData;+191 java.desktop@11.0.11
J 2121 c2 sun.java2d.pipe.DrawImage.renderImageScale(Lsun/java2d/SunGraphics2D;Ljava/awt/Image;Ljava/awt/Color;IIIIIDDDD)Z java.desktop@11.0.11 (158 bytes) @ 0x0000023ca888aed8 [0x0000023ca888ace0+0x00000000000001f8]
J 2123 c2 sun.java2d.pipe.DrawImage.scaleImage(Lsun/java2d/SunGraphics2D;Ljava/awt/Image;IIIILjava/awt/Color;Ljava/awt/image/ImageObserver;)Z java.desktop@11.0.11 (68 bytes) @ 0x0000023ca888e518 [0x0000023ca888e3e0+0x0000000000000138]
J 2076 c1 sun.java2d.pipe.ValidatePipe.scaleImage(Lsun/java2d/SunGraphics2D;Ljava/awt/Image;IIIILjava/awt/Color;Ljava/awt/image/ImageObserver;)Z java.desktop@11.0.11 (33 bytes) @ 0x0000023ca169e9b4 [0x0000023ca169e680+0x0000000000000334]
J 1926 c2 sun.java2d.SunGraphics2D.drawImage(Ljava/awt/Image;IIIILjava/awt/image/ImageObserver;)Z java.desktop@11.0.11 (15 bytes) @ 0x0000023ca8842360 [0x0000023ca88421a0+0x00000000000001c0]
J 2220 c1 com.serkox.entity.Interface.paintComponent(Ljava/awt/Graphics;)V (205 bytes) @ 0x0000023ca170579c [0x0000023ca17051c0+0x00000000000005dc]
J 2001 c2 javax.swing.JComponent.paint(Ljava/awt/Graphics;)V java.desktop@11.0.11 (409 bytes) @ 0x0000023ca8872ea0 [0x0000023ca8871fe0+0x0000000000000ec0]
J 1990 c2 javax.swing.JComponent.paintChildren(Ljava/awt/Graphics;)V java.desktop@11.0.11 (691 bytes) @ 0x0000023ca885fbe4 [0x0000023ca885f340+0x00000000000008a4]
J 2001 c2 javax.swing.JComponent.paint(Ljava/awt/Graphics;)V java.desktop@11.0.11 (409 bytes) @ 0x0000023ca88729b4 [0x0000023ca8871fe0+0x00000000000009d4]
J 2311 c1 javax.swing.JComponent.paintToOffscreen(Ljava/awt/Graphics;IIIIII)V java.desktop@11.0.11 (108 bytes) @ 0x0000023ca175290c [0x0000023ca17525c0+0x000000000000034c]
J 2299 c1 javax.swing.RepaintManager$PaintManager.paintDoubleBufferedImpl(Ljavax/swing/JComponent;Ljava/awt/Image;Ljava/awt/Graphics;IIII)V java.desktop@11.0.11 (294 bytes) @ 0x0000023ca173cccc [0x0000023ca173c5a0+0x000000000000072c]
J 2295 c1 javax.swing.RepaintManager$PaintManager.paintDoubleBuffered(Ljavax/swing/JComponent;Ljava/awt/Image;Ljava/awt/Graphics;IIII)V java.desktop@11.0.11 (50 bytes) @ 0x0000023ca1742ff4 [0x0000023ca1742d60+0x0000000000000294]
J 2310 c1 javax.swing.RepaintManager$PaintManager.paint(Ljavax/swing/JComponent;Ljavax/swing/JComponent;Ljava/awt/Graphics;IIII)Z java.desktop@11.0.11 (201 bytes) @ 0x0000023ca1754354 [0x0000023ca1753680+0x0000000000000cd4]
J 2257 c1 javax.swing.RepaintManager.paint(Ljavax/swing/JComponent;Ljavax/swing/JComponent;Ljava/awt/Graphics;IIII)V java.desktop@11.0.11 (93 bytes) @ 0x0000023ca172e6b4 [0x0000023ca172e220+0x0000000000000494]
J 2234 c1 javax.swing.JComponent._paintImmediately(IIII)V java.desktop@11.0.11 (891 bytes) @ 0x0000023ca171227c [0x0000023ca170f300+0x0000000000002f7c]
J 2284 c1 javax.swing.JComponent.paintImmediately(IIII)V java.desktop@11.0.11 (155 bytes) @ 0x0000023ca174850c [0x0000023ca17476a0+0x0000000000000e6c]
J 2212 c1 javax.swing.RepaintManager$4.run()Ljava/lang/Void; java.desktop@11.0.11 (277 bytes) @ 0x0000023ca16f0c1c [0x0000023ca16f0500+0x000000000000071c]
J 2211 c1 javax.swing.RepaintManager$4.run()Ljava/lang/Object; java.desktop@11.0.11 (5 bytes) @ 0x0000023ca16eddc4 [0x0000023ca16edd40+0x0000000000000084]
v  ~StubRoutines::call_stub
J 1910  java.security.AccessController.doPrivileged(Ljava/security/PrivilegedAction;Ljava/security/AccessControlContext;)Ljava/lang/Object; java.base@11.0.11 (0 bytes) @ 0x0000023ca88378b6 [0x0000023ca8837840+0x0000000000000076]
J 2209 c1 javax.swing.RepaintManager.paintDirtyRegions(Ljava/util/Map;)V java.desktop@11.0.11 (196 bytes) @ 0x0000023ca16eaa44 [0x0000023ca16e9780+0x00000000000012c4]
J 2208 c1 javax.swing.RepaintManager.paintDirtyRegions()V java.desktop@11.0.11 (50 bytes) @ 0x0000023ca16e9034 [0x0000023ca16e8d60+0x00000000000002d4]
J 2207 c1 javax.swing.RepaintManager.prePaintDirtyRegions()V java.desktop@11.0.11 (91 bytes) @ 0x0000023ca16e624c [0x0000023ca16e5bc0+0x000000000000068c]
J 2204 c1 javax.swing.RepaintManager$ProcessingRunnable.run()V java.desktop@11.0.11 (41 bytes) @ 0x0000023ca16e8894 [0x0000023ca16e8660+0x0000000000000234]
J 2134 c1 java.awt.event.InvocationEvent.dispatch()V java.desktop@11.0.11 (69 bytes) @ 0x0000023ca16be6ac [0x0000023ca16be480+0x000000000000022c]
J 2106 c1 java.awt.EventQueue.dispatchEventImpl(Ljava/awt/AWTEvent;Ljava/lang/Object;)V java.desktop@11.0.11 (136 bytes) @ 0x0000023ca16b45fc [0x0000023ca16b2c20+0x00000000000019dc]
J 2105 c1 java.awt.EventQueue$4.run()Ljava/lang/Void; java.desktop@11.0.11 (60 bytes) @ 0x0000023ca16b0b44 [0x0000023ca16b0a00+0x0000000000000144]
J 2104 c1 java.awt.EventQueue$4.run()Ljava/lang/Object; java.desktop@11.0.11 (5 bytes) @ 0x0000023ca16b0244 [0x0000023ca16b01c0+0x0000000000000084]
v  ~StubRoutines::call_stub
J 1910  java.security.AccessController.doPrivileged(Ljava/security/PrivilegedAction;Ljava/security/AccessControlContext;)Ljava/lang/Object; java.base@11.0.11 (0 bytes) @ 0x0000023ca88378b6 [0x0000023ca8837840+0x0000000000000076]
J 2100 c1 java.awt.EventQueue.dispatchEvent(Ljava/awt/AWTEvent;)V java.desktop@11.0.11 (80 bytes) @ 0x0000023ca16b1914 [0x0000023ca16b11a0+0x0000000000000774]
J 2109 c1 java.awt.EventDispatchThread.pumpOneEventForFilters(I)V java.desktop@11.0.11 (113 bytes) @ 0x0000023ca16b7b04 [0x0000023ca16b73a0+0x0000000000000764]
j  java.awt.EventDispatchThread.pumpEventsForFilter(ILjava/awt/Conditional;Ljava/awt/EventFilter;)V+35 java.desktop@11.0.11
j  java.awt.EventDispatchThread.pumpEventsForHierarchy(ILjava/awt/Conditional;Ljava/awt/Component;)V+11 java.desktop@11.0.11
j  java.awt.EventDispatchThread.pumpEvents(ILjava/awt/Conditional;)V+4 java.desktop@11.0.11
j  java.awt.EventDispatchThread.pumpEvents(Ljava/awt/Conditional;)V+3 java.desktop@11.0.11
j  java.awt.EventDispatchThread.run()V+9 java.desktop@11.0.11
v  ~StubRoutines::call_stub

siginfo: EXCEPTION_ACCESS_VIOLATION (0xc0000005), data execution prevention violation at address 0x00007fff8c745b3d


Register to memory mapping:

RIP=0x00007fff8c745b3d is an unknown value
RAX=0x0 is NULL
RBX=0x0000023cbe53a8c0 points into unknown readable memory: e8 4e 88 8c ff 7f 00 00
RCX=0x00007fff95ca1984 win32u.dll
RDX=0x0 is NULL
RSP=0x000000cfd93fa2a0 is pointing into the stack for thread: 0x0000023cc5b2a800
RBP=0x0000000000020034 is an unknown value
RSI=0x0 is NULL
RDI=0x0 is NULL
R8 =0x000000cfd93fa298 is pointing into the stack for thread: 0x0000023cc5b2a800
R9 =0x0000000000020034 is an unknown value
R10=0x0 is NULL
R11=0x0000000000000246 is an unknown value
R12=0x0 is NULL
R13={method} {0x0000023cc9a2fc20} 'initOps' '(III)V' in 'sun/java2d/d3d/D3DSurfaceData'
R14=0x000000cfd93fa410 is pointing into the stack for thread: 0x0000023cc5b2a800
R15=0x0000023cc5b2a800 is a thread


Registers:
RAX=0x0000000000000000, RBX=0x0000023cbe53a8c0, RCX=0x00007fff95ca1984, RDX=0x0000000000000000
RSP=0x000000cfd93fa2a0, RBP=0x0000000000020034, RSI=0x0000000000000000, RDI=0x0000000000000000
R8 =0x000000cfd93fa298, R9 =0x0000000000020034, R10=0x0000000000000000, R11=0x0000000000000246
R12=0x0000000000000000, R13=0x0000023cc9a2fc18, R14=0x000000cfd93fa410, R15=0x0000023cc5b2a800
RIP=0x00007fff8c745b3d, EFLAGS=0x0000000000010246

Top of Stack: (sp=0x000000cfd93fa2a0)
0x000000cfd93fa2a0:   0000023cbe53a8c0 0000000000000000
0x000000cfd93fa2b0:   0000023cbe4cb6c0 0000000000000080
0x000000cfd93fa2c0:   0000023cbe53a918 0000000000020034
0x000000cfd93fa2d0:   0000023cbe53a8c8 0000023c00000000
0x000000cfd93fa2e0:   0000000000000002 00007fff88adf27e
0x000000cfd93fa2f0:   0000000000000000 0000023cbe1a4520
0x000000cfd93fa300:   000000cfd93fa410 0000023cc5b2ab48
0x000000cfd93fa310:   0000000000000001 00007fff88ae3bf4
0x000000cfd93fa320:   0000023cc5b4b130 0000000000000000
0x000000cfd93fa330:   0000000000000080 0000023cbdc482ef
0x000000cfd93fa340:   0000000000000000 0000023ca0bdf377
0x000000cfd93fa350:   0000023cc9a2fc18 000000cfd93fa3d8
0x000000cfd93fa360:   0000000000000000 0000000000000000
0x000000cfd93fa370:   000000cf00000080 000000cfd93fa3f0
0x000000cfd93fa380:   0000023ca0bda127 000000070e42bb68
0x000000cfd93fa390:   000000cfd93fa390 0000000000000000 

Instructions: (pc=0x00007fff8c745b3d)
0x00007fff8c745b1d:   ?? ?? ?? ?? ?? ?? ?? ?? ?? ?? ?? ?? ?? ?? ?? ??
0x00007fff8c745b2d:   ?? ?? ?? ?? ?? ?? ?? ?? ?? ?? ?? ?? ?? ?? ?? ??
0x00007fff8c745b3d:   ?? ?? ?? ?? ?? ?? ?? ?? ?? ?? ?? ?? ?? ?? ?? ??
0x00007fff8c745b4d:   ?? ?? ?? ?? ?? ?? ?? ?? ?? ?? ?? ?? ?? ?? ?? ?? 


Stack slot to memory mapping:
stack at sp + 0 slots: 0x0000023cbe53a8c0 points into unknown readable memory: e8 4e 88 8c ff 7f 00 00
stack at sp + 1 slots: 0x0 is NULL
stack at sp + 2 slots: 0x0000023cbe4cb6c0 points into unknown readable memory: 00 af 4c be 3c 02 00 00
stack at sp + 3 slots: 0x0000000000000080 is an unknown value
stack at sp + 4 slots: 0x0000023cbe53a918 points into unknown readable memory: 5c 5c 2e 5c 44 49 53 50
stack at sp + 5 slots: 0x0000000000020034 is an unknown value
stack at sp + 6 slots: 0x0000023cbe53a8c8 points into unknown readable memory: 00 00 00 00 00 00 00 00
stack at sp + 7 slots: 0x0000023c00000000 is an unknown value


---------------  P R O C E S S  ---------------

Threads class SMR info:
_java_thread_list=0x0000023cc5a7f1c0, length=18, elements={
0x0000023cbd446800, 0x0000023cbd450000, 0x0000023cbdd44800, 0x0000023cbdd45000,
0x0000023cbdd46000, 0x0000023cbdd53800, 0x0000023cbdd59000, 0x0000023cbdce0800,
0x0000023cbe1a0800, 0x0000023cbe1a1000, 0x0000023cbe45c000, 0x0000023cbe460000,
0x0000023cc5621000, 0x0000023cc5b2a800, 0x0000023cc5df3800, 0x0000023c96ee5800,
0x0000023cc5b1f800, 0x0000023cc5a1b800
}

Java Threads: ( => current thread )
  0x0000023cbd446800 JavaThread "Reference Handler" daemon [_thread_blocked, id=21916, stack(0x000000cfd7e00000,0x000000cfd7f00000)]
  0x0000023cbd450000 JavaThread "Finalizer" daemon [_thread_blocked, id=18992, stack(0x000000cfd7f00000,0x000000cfd8000000)]
  0x0000023cbdd44800 JavaThread "Signal Dispatcher" daemon [_thread_blocked, id=14228, stack(0x000000cfd8000000,0x000000cfd8100000)]
  0x0000023cbdd45000 JavaThread "Attach Listener" daemon [_thread_blocked, id=15056, stack(0x000000cfd8100000,0x000000cfd8200000)]
  0x0000023cbdd46000 JavaThread "C2 CompilerThread0" daemon [_thread_blocked, id=4380, stack(0x000000cfd8200000,0x000000cfd8300000)]
  0x0000023cbdd53800 JavaThread "C1 CompilerThread0" daemon [_thread_blocked, id=21060, stack(0x000000cfd8300000,0x000000cfd8400000)]
  0x0000023cbdd59000 JavaThread "Sweeper thread" daemon [_thread_blocked, id=20472, stack(0x000000cfd8400000,0x000000cfd8500000)]
  0x0000023cbdce0800 JavaThread "Common-Cleaner" daemon [_thread_blocked, id=5376, stack(0x000000cfd8500000,0x000000cfd8600000)]
  0x0000023cbe1a0800 JavaThread "Monitor Ctrl-Break" daemon [_thread_in_native, id=9716, stack(0x000000cfd8a00000,0x000000cfd8b00000)]
  0x0000023cbe1a1000 JavaThread "Service Thread" daemon [_thread_blocked, id=21652, stack(0x000000cfd8b00000,0x000000cfd8c00000)]
  0x0000023cbe45c000 JavaThread "Java2D Disposer" daemon [_thread_blocked, id=18876, stack(0x000000cfd8d00000,0x000000cfd8e00000)]
  0x0000023cbe460000 JavaThread "AWT-Shutdown" [_thread_blocked, id=11708, stack(0x000000cfd8e00000,0x000000cfd8f00000)]
  0x0000023cc5621000 JavaThread "Thread-0" [_thread_blocked, id=20388, stack(0x000000cfd9200000,0x000000cfd9300000)]
=>0x0000023cc5b2a800 JavaThread "AWT-EventQueue-0" [_thread_in_native, id=4700, stack(0x000000cfd9300000,0x000000cfd9400000)]
  0x0000023cc5df3800 JavaThread "Timer-0" [_thread_blocked, id=12756, stack(0x000000cfd9500000,0x000000cfd9600000)]
  0x0000023c96ee5800 JavaThread "DestroyJavaVM" [_thread_blocked, id=16980, stack(0x000000cfd7700000,0x000000cfd7800000)]
  0x0000023cc5b1f800 JavaThread "SIGINT handler" daemon [_thread_blocked, id=14608, stack(0x000000cfd7400000,0x000000cfd7500000)]
  0x0000023cc5a1b800 JavaThread "ToolkitShutdown" daemon [_thread_in_native, id=11516, stack(0x000000cfd8840000,0x000000cfd8940000)]

Other Threads:
  0x0000023cbd444000 VMThread "VM Thread" [stack: 0x000000cfd7d00000,0x000000cfd7e00000] [id=304]
  0x0000023cbe1a6800 WatcherThread [stack: 0x000000cfd8c00000,0x000000cfd8d00000] [id=23268]
  0x0000023c96efc000 GCTaskThread "GC Thread#0" [stack: 0x000000cfd7800000,0x000000cfd7900000] [id=16868]
  0x0000023cc5f85000 GCTaskThread "GC Thread#1" [stack: 0x000000cfd9800000,0x000000cfd9900000] [id=21552]
  0x0000023cc5a32800 GCTaskThread "GC Thread#2" [stack: 0x000000cfd9900000,0x000000cfd9a00000] [id=7452]
  0x0000023cc5a35800 GCTaskThread "GC Thread#3" [stack: 0x000000cfd9a00000,0x000000cfd9b00000] [id=10792]
  0x0000023cc5fbb800 GCTaskThread "GC Thread#4" [stack: 0x000000cfd9b00000,0x000000cfd9c00000] [id=20328]
  0x0000023cc5fbc800 GCTaskThread "GC Thread#5" [stack: 0x000000cfd9c00000,0x000000cfd9d00000] [id=10464]
  0x0000023cc5fbd000 GCTaskThread "GC Thread#6" [stack: 0x000000cfd9d00000,0x000000cfd9e00000] [id=16732]
  0x0000023cc5fbd800 GCTaskThread "GC Thread#7" [stack: 0x000000cfd9e00000,0x000000cfd9f00000] [id=14600]
  0x0000023ccab37800 GCTaskThread "GC Thread#8" [stack: 0x000000cfd9f00000,0x000000cfda000000] [id=7512]
  0x0000023ccab38000 GCTaskThread "GC Thread#9" [stack: 0x000000cfda000000,0x000000cfda100000] [id=13808]
  0x0000023c96f5c800 ConcurrentGCThread "G1 Main Marker" [stack: 0x000000cfd7900000,0x000000cfd7a00000] [id=19424]
  0x0000023c96f5f000 ConcurrentGCThread "G1 Conc#0" [stack: 0x000000cfd7a00000,0x000000cfd7b00000] [id=11588]
  0x0000023cbd32a800 ConcurrentGCThread "G1 Refine#0" [stack: 0x000000cfd7b00000,0x000000cfd7c00000] [id=18608]
  0x0000023cbd32b800 ConcurrentGCThread "G1 Young RemSet Sampling" [stack: 0x000000cfd7c00000,0x000000cfd7d00000] [id=13796]

Threads with active compile tasks:

VM state:not at safepoint (normal execution)

VM Mutex/Monitor currently owned by a thread: None

Heap address: 0x0000000701000000, size: 4080 MB, Compressed Oops mode: Zero based, Oop shift amount: 3
Narrow klass base: 0x0000000800000000, Narrow klass shift: 0
Compressed class space size: 1073741824 Address: 0x0000000800000000

Heap:
 garbage-first heap   total 262144K, used 64893K [0x0000000701000000, 0x0000000800000000)
  region size 1024K, 49 young (50176K), 4 survivors (4096K)
 Metaspace       used 17178K, capacity 17683K, committed 17920K, reserved 1064960K
  class space    used 1747K, capacity 1989K, committed 2048K, reserved 1048576K
Heap Regions: E=young(eden), S=young(survivor), O=old, HS=humongous(starts), HC=humongous(continues), CS=collection set, F=free, A=archive, TAMS=top-at-mark-start (previous, next)
|   0|0x0000000701000000, 0x0000000701100000, 0x0000000701100000|100%|HS|  |TAMS 0x0000000701000000, 0x0000000701000000| Complete 
|   1|0x0000000701100000, 0x0000000701200000, 0x0000000701200000|100%|HC|  |TAMS 0x0000000701100000, 0x0000000701100000| Complete 
|   2|0x0000000701200000, 0x0000000701300000, 0x0000000701300000|100%|HS|  |TAMS 0x0000000701200000, 0x0000000701200000| Complete 
|   3|0x0000000701300000, 0x0000000701400000, 0x0000000701400000|100%|HC|  |TAMS 0x0000000701300000, 0x0000000701300000| Complete 
|   4|0x0000000701400000, 0x0000000701500000, 0x0000000701500000|100%|HS|  |TAMS 0x0000000701400000, 0x0000000701400000| Complete 
|   5|0x0000000701500000, 0x0000000701600000, 0x0000000701600000|100%|HC|  |TAMS 0x0000000701500000, 0x0000000701500000| Complete 
|   6|0x0000000701600000, 0x0000000701700000, 0x0000000701700000|100%|HS|  |TAMS 0x0000000701600000, 0x0000000701600000| Complete 
|   7|0x0000000701700000, 0x0000000701800000, 0x0000000701800000|100%|HC|  |TAMS 0x0000000701700000, 0x0000000701700000| Complete 
|   8|0x0000000701800000, 0x0000000701900000, 0x0000000701900000|100%|HS|  |TAMS 0x0000000701800000, 0x0000000701800000| Complete 
|   9|0x0000000701900000, 0x0000000701a00000, 0x0000000701a00000|100%|HC|  |TAMS 0x0000000701900000, 0x0000000701900000| Complete 
|  10|0x0000000701a00000, 0x0000000701b00000, 0x0000000701b00000|100%|HS|  |TAMS 0x0000000701a00000, 0x0000000701a00000| Complete 
|  11|0x0000000701b00000, 0x0000000701c00000, 0x0000000701c00000|100%|HC|  |TAMS 0x0000000701b00000, 0x0000000701b00000| Complete 
|  12|0x0000000701c00000, 0x0000000701d00000, 0x0000000701d00000|100%|HS|  |TAMS 0x0000000701c00000, 0x0000000701c00000| Complete 
|  13|0x0000000701d00000, 0x0000000701e00000, 0x0000000701e00000|100%|HC|  |TAMS 0x0000000701d00000, 0x0000000701d00000| Complete 
|  14|0x0000000701e00000, 0x0000000701f00000, 0x0000000701f00000|100%|HC|  |TAMS 0x0000000701e00000, 0x0000000701e00000| Complete 
|  15|0x0000000701f00000, 0x0000000702000000, 0x0000000702000000|100%|HC|  |TAMS 0x0000000701f00000, 0x0000000701f00000| Complete 
|  16|0x0000000702000000, 0x0000000702009200, 0x0000000702100000|  3%| O|  |TAMS 0x0000000702000000, 0x0000000702000000| Untracked 
|  17|0x0000000702100000, 0x0000000702100000, 0x0000000702200000|  0%| F|  |TAMS 0x0000000702100000, 0x0000000702100000| Untracked 
|  18|0x0000000702200000, 0x0000000702200000, 0x0000000702300000|  0%| F|  |TAMS 0x0000000702200000, 0x0000000702200000| Untracked 
|  19|0x0000000702300000, 0x0000000702300000, 0x0000000702400000|  0%| F|  |TAMS 0x0000000702300000, 0x0000000702300000| Untracked 
|  20|0x0000000702400000, 0x0000000702400000, 0x0000000702500000|  0%| F|  |TAMS 0x0000000702400000, 0x0000000702400000| Untracked 
|  21|0x0000000702500000, 0x0000000702500000, 0x0000000702600000|  0%| F|  |TAMS 0x0000000702500000, 0x0000000702500000| Untracked 
|  22|0x0000000702600000, 0x0000000702600000, 0x0000000702700000|  0%| F|  |TAMS 0x0000000702600000, 0x0000000702600000| Untracked 
|  23|0x0000000702700000, 0x0000000702700000, 0x0000000702800000|  0%| F|  |TAMS 0x0000000702700000, 0x0000000702700000| Untracked 
|  24|0x0000000702800000, 0x0000000702800000, 0x0000000702900000|  0%| F|  |TAMS 0x0000000702800000, 0x0000000702800000| Untracked 
|  25|0x0000000702900000, 0x0000000702900000, 0x0000000702a00000|  0%| F|  |TAMS 0x0000000702900000, 0x0000000702900000| Untracked 
|  26|0x0000000702a00000, 0x0000000702a00000, 0x0000000702b00000|  0%| F|  |TAMS 0x0000000702a00000, 0x0000000702a00000| Untracked 
|  27|0x0000000702b00000, 0x0000000702b00000, 0x0000000702c00000|  0%| F|  |TAMS 0x0000000702b00000, 0x0000000702b00000| Untracked 
|  28|0x0000000702c00000, 0x0000000702c00000, 0x0000000702d00000|  0%| F|  |TAMS 0x0000000702c00000, 0x0000000702c00000| Untracked 
|  29|0x0000000702d00000, 0x0000000702d00000, 0x0000000702e00000|  0%| F|  |TAMS 0x0000000702d00000, 0x0000000702d00000| Untracked 
|  30|0x0000000702e00000, 0x0000000702e00000, 0x0000000702f00000|  0%| F|  |TAMS 0x0000000702e00000, 0x0000000702e00000| Untracked 
|  31|0x0000000702f00000, 0x0000000702f00000, 0x0000000703000000|  0%| F|  |TAMS 0x0000000702f00000, 0x0000000702f00000| Untracked 
|  32|0x0000000703000000, 0x0000000703000000, 0x0000000703100000|  0%| F|  |TAMS 0x0000000703000000, 0x0000000703000000| Untracked 
|  33|0x0000000703100000, 0x0000000703100000, 0x0000000703200000|  0%| F|  |TAMS 0x0000000703100000, 0x0000000703100000| Untracked 
|  34|0x0000000703200000, 0x0000000703200000, 0x0000000703300000|  0%| F|  |TAMS 0x0000000703200000, 0x0000000703200000| Untracked 
|  35|0x0000000703300000, 0x0000000703300000, 0x0000000703400000|  0%| F|  |TAMS 0x0000000703300000, 0x0000000703300000| Untracked 
|  36|0x0000000703400000, 0x0000000703400000, 0x0000000703500000|  0%| F|  |TAMS 0x0000000703400000, 0x0000000703400000| Untracked 
|  37|0x0000000703500000, 0x0000000703500000, 0x0000000703600000|  0%| F|  |TAMS 0x0000000703500000, 0x0000000703500000| Untracked 
|  38|0x0000000703600000, 0x0000000703600000, 0x0000000703700000|  0%| F|  |TAMS 0x0000000703600000, 0x0000000703600000| Untracked 
|  39|0x0000000703700000, 0x0000000703700000, 0x0000000703800000|  0%| F|  |TAMS 0x0000000703700000, 0x0000000703700000| Untracked 
|  40|0x0000000703800000, 0x0000000703800000, 0x0000000703900000|  0%| F|  |TAMS 0x0000000703800000, 0x0000000703800000| Untracked 
|  41|0x0000000703900000, 0x0000000703900000, 0x0000000703a00000|  0%| F|  |TAMS 0x0000000703900000, 0x0000000703900000| Untracked 
|  42|0x0000000703a00000, 0x0000000703a00000, 0x0000000703b00000|  0%| F|  |TAMS 0x0000000703a00000, 0x0000000703a00000| Untracked 
|  43|0x0000000703b00000, 0x0000000703b00000, 0x0000000703c00000|  0%| F|  |TAMS 0x0000000703b00000, 0x0000000703b00000| Untracked 
|  44|0x0000000703c00000, 0x0000000703c00000, 0x0000000703d00000|  0%| F|  |TAMS 0x0000000703c00000, 0x0000000703c00000| Untracked 
|  45|0x0000000703d00000, 0x0000000703d00000, 0x0000000703e00000|  0%| F|  |TAMS 0x0000000703d00000, 0x0000000703d00000| Untracked 
|  46|0x0000000703e00000, 0x0000000703e00000, 0x0000000703f00000|  0%| F|  |TAMS 0x0000000703e00000, 0x0000000703e00000| Untracked 
|  47|0x0000000703f00000, 0x0000000703f00000, 0x0000000704000000|  0%| F|  |TAMS 0x0000000703f00000, 0x0000000703f00000| Untracked 
|  48|0x0000000704000000, 0x0000000704000000, 0x0000000704100000|  0%| F|  |TAMS 0x0000000704000000, 0x0000000704000000| Untracked 
|  49|0x0000000704100000, 0x0000000704100000, 0x0000000704200000|  0%| F|  |TAMS 0x0000000704100000, 0x0000000704100000| Untracked 
|  50|0x0000000704200000, 0x0000000704200000, 0x0000000704300000|  0%| F|  |TAMS 0x0000000704200000, 0x0000000704200000| Untracked 
|  51|0x0000000704300000, 0x0000000704300000, 0x0000000704400000|  0%| F|  |TAMS 0x0000000704300000, 0x0000000704300000| Untracked 
|  52|0x0000000704400000, 0x0000000704400000, 0x0000000704500000|  0%| F|  |TAMS 0x0000000704400000, 0x0000000704400000| Untracked 
|  53|0x0000000704500000, 0x0000000704500000, 0x0000000704600000|  0%| F|  |TAMS 0x0000000704500000, 0x0000000704500000| Untracked 
|  54|0x0000000704600000, 0x0000000704600000, 0x0000000704700000|  0%| F|  |TAMS 0x0000000704600000, 0x0000000704600000| Untracked 
|  55|0x0000000704700000, 0x0000000704700000, 0x0000000704800000|  0%| F|  |TAMS 0x0000000704700000, 0x0000000704700000| Untracked 
|  56|0x0000000704800000, 0x0000000704800000, 0x0000000704900000|  0%| F|  |TAMS 0x0000000704800000, 0x0000000704800000| Untracked 
|  57|0x0000000704900000, 0x0000000704900000, 0x0000000704a00000|  0%| F|  |TAMS 0x0000000704900000, 0x0000000704900000| Untracked 
|  58|0x0000000704a00000, 0x0000000704a00000, 0x0000000704b00000|  0%| F|  |TAMS 0x0000000704a00000, 0x0000000704a00000| Untracked 
|  59|0x0000000704b00000, 0x0000000704b00000, 0x0000000704c00000|  0%| F|  |TAMS 0x0000000704b00000, 0x0000000704b00000| Untracked 
|  60|0x0000000704c00000, 0x0000000704c00000, 0x0000000704d00000|  0%| F|  |TAMS 0x0000000704c00000, 0x0000000704c00000| Untracked 
|  61|0x0000000704d00000, 0x0000000704d00000, 0x0000000704e00000|  0%| F|  |TAMS 0x0000000704d00000, 0x0000000704d00000| Untracked 
|  62|0x0000000704e00000, 0x0000000704e00000, 0x0000000704f00000|  0%| F|  |TAMS 0x0000000704e00000, 0x0000000704e00000| Untracked 
|  63|0x0000000704f00000, 0x0000000704f00000, 0x0000000705000000|  0%| F|  |TAMS 0x0000000704f00000, 0x0000000704f00000| Untracked 
|  64|0x0000000705000000, 0x0000000705000000, 0x0000000705100000|  0%| F|  |TAMS 0x0000000705000000, 0x0000000705000000| Untracked 
|  65|0x0000000705100000, 0x0000000705100000, 0x0000000705200000|  0%| F|  |TAMS 0x0000000705100000, 0x0000000705100000| Untracked 
|  66|0x0000000705200000, 0x0000000705200000, 0x0000000705300000|  0%| F|  |TAMS 0x0000000705200000, 0x0000000705200000| Untracked 
|  67|0x0000000705300000, 0x0000000705300000, 0x0000000705400000|  0%| F|  |TAMS 0x0000000705300000, 0x0000000705300000| Untracked 
|  68|0x0000000705400000, 0x0000000705400000, 0x0000000705500000|  0%| F|  |TAMS 0x0000000705400000, 0x0000000705400000| Untracked 
|  69|0x0000000705500000, 0x0000000705500000, 0x0000000705600000|  0%| F|  |TAMS 0x0000000705500000, 0x0000000705500000| Untracked 
|  70|0x0000000705600000, 0x0000000705600000, 0x0000000705700000|  0%| F|  |TAMS 0x0000000705600000, 0x0000000705600000| Untracked 
|  71|0x0000000705700000, 0x0000000705700000, 0x0000000705800000|  0%| F|  |TAMS 0x0000000705700000, 0x0000000705700000| Untracked 
|  72|0x0000000705800000, 0x0000000705800000, 0x0000000705900000|  0%| F|  |TAMS 0x0000000705800000, 0x0000000705800000| Untracked 
|  73|0x0000000705900000, 0x0000000705900000, 0x0000000705a00000|  0%| F|  |TAMS 0x0000000705900000, 0x0000000705900000| Untracked 
|  74|0x0000000705a00000, 0x0000000705a00000, 0x0000000705b00000|  0%| F|  |TAMS 0x0000000705a00000, 0x0000000705a00000| Untracked 
|  75|0x0000000705b00000, 0x0000000705b00000, 0x0000000705c00000|  0%| F|  |TAMS 0x0000000705b00000, 0x0000000705b00000| Untracked 
|  76|0x0000000705c00000, 0x0000000705c00000, 0x0000000705d00000|  0%| F|  |TAMS 0x0000000705c00000, 0x0000000705c00000| Untracked 
|  77|0x0000000705d00000, 0x0000000705d00000, 0x0000000705e00000|  0%| F|  |TAMS 0x0000000705d00000, 0x0000000705d00000| Untracked 
|  78|0x0000000705e00000, 0x0000000705e00000, 0x0000000705f00000|  0%| F|  |TAMS 0x0000000705e00000, 0x0000000705e00000| Untracked 
|  79|0x0000000705f00000, 0x0000000705f00000, 0x0000000706000000|  0%| F|  |TAMS 0x0000000705f00000, 0x0000000705f00000| Untracked 
|  80|0x0000000706000000, 0x0000000706000000, 0x0000000706100000|  0%| F|  |TAMS 0x0000000706000000, 0x0000000706000000| Untracked 
|  81|0x0000000706100000, 0x0000000706100000, 0x0000000706200000|  0%| F|  |TAMS 0x0000000706100000, 0x0000000706100000| Untracked 
|  82|0x0000000706200000, 0x0000000706200000, 0x0000000706300000|  0%| F|  |TAMS 0x0000000706200000, 0x0000000706200000| Untracked 
|  83|0x0000000706300000, 0x0000000706300000, 0x0000000706400000|  0%| F|  |TAMS 0x0000000706300000, 0x0000000706300000| Untracked 
|  84|0x0000000706400000, 0x0000000706400000, 0x0000000706500000|  0%| F|  |TAMS 0x0000000706400000, 0x0000000706400000| Untracked 
|  85|0x0000000706500000, 0x0000000706500000, 0x0000000706600000|  0%| F|  |TAMS 0x0000000706500000, 0x0000000706500000| Untracked 
|  86|0x0000000706600000, 0x0000000706600000, 0x0000000706700000|  0%| F|  |TAMS 0x0000000706600000, 0x0000000706600000| Untracked 
|  87|0x0000000706700000, 0x0000000706700000, 0x0000000706800000|  0%| F|  |TAMS 0x0000000706700000, 0x0000000706700000| Untracked 
|  88|0x0000000706800000, 0x0000000706800000, 0x0000000706900000|  0%| F|  |TAMS 0x0000000706800000, 0x0000000706800000| Untracked 
|  89|0x0000000706900000, 0x0000000706900000, 0x0000000706a00000|  0%| F|  |TAMS 0x0000000706900000, 0x0000000706900000| Untracked 
|  90|0x0000000706a00000, 0x0000000706a00000, 0x0000000706b00000|  0%| F|  |TAMS 0x0000000706a00000, 0x0000000706a00000| Untracked 
|  91|0x0000000706b00000, 0x0000000706b00000, 0x0000000706c00000|  0%| F|  |TAMS 0x0000000706b00000, 0x0000000706b00000| Untracked 
|  92|0x0000000706c00000, 0x0000000706c00000, 0x0000000706d00000|  0%| F|  |TAMS 0x0000000706c00000, 0x0000000706c00000| Untracked 
|  93|0x0000000706d00000, 0x0000000706d00000, 0x0000000706e00000|  0%| F|  |TAMS 0x0000000706d00000, 0x0000000706d00000| Untracked 
|  94|0x0000000706e00000, 0x0000000706e00000, 0x0000000706f00000|  0%| F|  |TAMS 0x0000000706e00000, 0x0000000706e00000| Untracked 
|  95|0x0000000706f00000, 0x0000000706f00000, 0x0000000707000000|  0%| F|  |TAMS 0x0000000706f00000, 0x0000000706f00000| Untracked 
|  96|0x0000000707000000, 0x0000000707000000, 0x0000000707100000|  0%| F|  |TAMS 0x0000000707000000, 0x0000000707000000| Untracked 
|  97|0x0000000707100000, 0x0000000707100000, 0x0000000707200000|  0%| F|  |TAMS 0x0000000707100000, 0x0000000707100000| Untracked 
|  98|0x0000000707200000, 0x0000000707200000, 0x0000000707300000|  0%| F|  |TAMS 0x0000000707200000, 0x0000000707200000| Untracked 
|  99|0x0000000707300000, 0x0000000707300000, 0x0000000707400000|  0%| F|  |TAMS 0x0000000707300000, 0x0000000707300000| Untracked 
| 100|0x0000000707400000, 0x0000000707400000, 0x0000000707500000|  0%| F|  |TAMS 0x0000000707400000, 0x0000000707400000| Untracked 
| 101|0x0000000707500000, 0x0000000707500000, 0x0000000707600000|  0%| F|  |TAMS 0x0000000707500000, 0x0000000707500000| Untracked 
| 102|0x0000000707600000, 0x0000000707600000, 0x0000000707700000|  0%| F|  |TAMS 0x0000000707600000, 0x0000000707600000| Untracked 
| 103|0x0000000707700000, 0x00000007077563d0, 0x0000000707800000| 33%| S|CS|TAMS 0x0000000707700000, 0x0000000707700000| Complete 
| 104|0x0000000707800000, 0x0000000707900000, 0x0000000707900000|100%| S|CS|TAMS 0x0000000707800000, 0x0000000707800000| Complete 
| 105|0x0000000707900000, 0x0000000707a00000, 0x0000000707a00000|100%| S|CS|TAMS 0x0000000707900000, 0x0000000707900000| Complete 
| 106|0x0000000707a00000, 0x0000000707b00000, 0x0000000707b00000|100%| S|CS|TAMS 0x0000000707a00000, 0x0000000707a00000| Complete 
| 107|0x0000000707b00000, 0x0000000707b00000, 0x0000000707c00000|  0%| F|  |TAMS 0x0000000707b00000, 0x0000000707b00000| Untracked 
| 108|0x0000000707c00000, 0x0000000707c00000, 0x0000000707d00000|  0%| F|  |TAMS 0x0000000707c00000, 0x0000000707c00000| Untracked 
| 109|0x0000000707d00000, 0x0000000707d00000, 0x0000000707e00000|  0%| F|  |TAMS 0x0000000707d00000, 0x0000000707d00000| Untracked 
| 110|0x0000000707e00000, 0x0000000707e00000, 0x0000000707f00000|  0%| F|  |TAMS 0x0000000707e00000, 0x0000000707e00000| Untracked 
| 111|0x0000000707f00000, 0x0000000707f00000, 0x0000000708000000|  0%| F|  |TAMS 0x0000000707f00000, 0x0000000707f00000| Untracked 
| 112|0x0000000708000000, 0x0000000708000000, 0x0000000708100000|  0%| F|  |TAMS 0x0000000708000000, 0x0000000708000000| Untracked 
| 113|0x0000000708100000, 0x0000000708100000, 0x0000000708200000|  0%| F|  |TAMS 0x0000000708100000, 0x0000000708100000| Untracked 
| 114|0x0000000708200000, 0x0000000708200000, 0x0000000708300000|  0%| F|  |TAMS 0x0000000708200000, 0x0000000708200000| Untracked 
| 115|0x0000000708300000, 0x0000000708300000, 0x0000000708400000|  0%| F|  |TAMS 0x0000000708300000, 0x0000000708300000| Untracked 
| 116|0x0000000708400000, 0x0000000708400000, 0x0000000708500000|  0%| F|  |TAMS 0x0000000708400000, 0x0000000708400000| Untracked 
| 117|0x0000000708500000, 0x0000000708500000, 0x0000000708600000|  0%| F|  |TAMS 0x0000000708500000, 0x0000000708500000| Untracked 
| 118|0x0000000708600000, 0x0000000708600000, 0x0000000708700000|  0%| F|  |TAMS 0x0000000708600000, 0x0000000708600000| Untracked 
| 119|0x0000000708700000, 0x0000000708700000, 0x0000000708800000|  0%| F|  |TAMS 0x0000000708700000, 0x0000000708700000| Untracked 
| 120|0x0000000708800000, 0x0000000708800000, 0x0000000708900000|  0%| F|  |TAMS 0x0000000708800000, 0x0000000708800000| Untracked 
| 121|0x0000000708900000, 0x0000000708900000, 0x0000000708a00000|  0%| F|  |TAMS 0x0000000708900000, 0x0000000708900000| Untracked 
| 122|0x0000000708a00000, 0x0000000708a00000, 0x0000000708b00000|  0%| F|  |TAMS 0x0000000708a00000, 0x0000000708a00000| Untracked 
| 123|0x0000000708b00000, 0x0000000708b00000, 0x0000000708c00000|  0%| F|  |TAMS 0x0000000708b00000, 0x0000000708b00000| Untracked 
| 124|0x0000000708c00000, 0x0000000708c00000, 0x0000000708d00000|  0%| F|  |TAMS 0x0000000708c00000, 0x0000000708c00000| Untracked 
| 125|0x0000000708d00000, 0x0000000708d00000, 0x0000000708e00000|  0%| F|  |TAMS 0x0000000708d00000, 0x0000000708d00000| Untracked 
| 126|0x0000000708e00000, 0x0000000708e00000, 0x0000000708f00000|  0%| F|  |TAMS 0x0000000708e00000, 0x0000000708e00000| Untracked 
| 127|0x0000000708f00000, 0x0000000708f00000, 0x0000000709000000|  0%| F|  |TAMS 0x0000000708f00000, 0x0000000708f00000| Untracked 
| 128|0x0000000709000000, 0x0000000709000000, 0x0000000709100000|  0%| F|  |TAMS 0x0000000709000000, 0x0000000709000000| Untracked 
| 129|0x0000000709100000, 0x0000000709100000, 0x0000000709200000|  0%| F|  |TAMS 0x0000000709100000, 0x0000000709100000| Untracked 
| 130|0x0000000709200000, 0x0000000709200000, 0x0000000709300000|  0%| F|  |TAMS 0x0000000709200000, 0x0000000709200000| Untracked 
| 131|0x0000000709300000, 0x0000000709300000, 0x0000000709400000|  0%| F|  |TAMS 0x0000000709300000, 0x0000000709300000| Untracked 
| 132|0x0000000709400000, 0x0000000709400000, 0x0000000709500000|  0%| F|  |TAMS 0x0000000709400000, 0x0000000709400000| Untracked 
| 133|0x0000000709500000, 0x0000000709500000, 0x0000000709600000|  0%| F|  |TAMS 0x0000000709500000, 0x0000000709500000| Untracked 
| 134|0x0000000709600000, 0x0000000709600000, 0x0000000709700000|  0%| F|  |TAMS 0x0000000709600000, 0x0000000709600000| Untracked 
| 135|0x0000000709700000, 0x0000000709700000, 0x0000000709800000|  0%| F|  |TAMS 0x0000000709700000, 0x0000000709700000| Untracked 
| 136|0x0000000709800000, 0x0000000709800000, 0x0000000709900000|  0%| F|  |TAMS 0x0000000709800000, 0x0000000709800000| Untracked 
| 137|0x0000000709900000, 0x0000000709900000, 0x0000000709a00000|  0%| F|  |TAMS 0x0000000709900000, 0x0000000709900000| Untracked 
| 138|0x0000000709a00000, 0x0000000709a00000, 0x0000000709b00000|  0%| F|  |TAMS 0x0000000709a00000, 0x0000000709a00000| Untracked 
| 139|0x0000000709b00000, 0x0000000709b00000, 0x0000000709c00000|  0%| F|  |TAMS 0x0000000709b00000, 0x0000000709b00000| Untracked 
| 140|0x0000000709c00000, 0x0000000709c00000, 0x0000000709d00000|  0%| F|  |TAMS 0x0000000709c00000, 0x0000000709c00000| Untracked 
| 141|0x0000000709d00000, 0x0000000709d00000, 0x0000000709e00000|  0%| F|  |TAMS 0x0000000709d00000, 0x0000000709d00000| Untracked 
| 142|0x0000000709e00000, 0x0000000709e00000, 0x0000000709f00000|  0%| F|  |TAMS 0x0000000709e00000, 0x0000000709e00000| Untracked 
| 143|0x0000000709f00000, 0x0000000709f00000, 0x000000070a000000|  0%| F|  |TAMS 0x0000000709f00000, 0x0000000709f00000| Untracked 
| 144|0x000000070a000000, 0x000000070a000000, 0x000000070a100000|  0%| F|  |TAMS 0x000000070a000000, 0x000000070a000000| Untracked 
| 145|0x000000070a100000, 0x000000070a100000, 0x000000070a200000|  0%| F|  |TAMS 0x000000070a100000, 0x000000070a100000| Untracked 
| 146|0x000000070a200000, 0x000000070a200000, 0x000000070a300000|  0%| F|  |TAMS 0x000000070a200000, 0x000000070a200000| Untracked 
| 147|0x000000070a300000, 0x000000070a300000, 0x000000070a400000|  0%| F|  |TAMS 0x000000070a300000, 0x000000070a300000| Untracked 
| 148|0x000000070a400000, 0x000000070a400000, 0x000000070a500000|  0%| F|  |TAMS 0x000000070a400000, 0x000000070a400000| Untracked 
| 149|0x000000070a500000, 0x000000070a500000, 0x000000070a600000|  0%| F|  |TAMS 0x000000070a500000, 0x000000070a500000| Untracked 
| 150|0x000000070a600000, 0x000000070a600000, 0x000000070a700000|  0%| F|  |TAMS 0x000000070a600000, 0x000000070a600000| Untracked 
| 151|0x000000070a700000, 0x000000070a700000, 0x000000070a800000|  0%| F|  |TAMS 0x000000070a700000, 0x000000070a700000| Untracked 
| 152|0x000000070a800000, 0x000000070a800000, 0x000000070a900000|  0%| F|  |TAMS 0x000000070a800000, 0x000000070a800000| Untracked 
| 153|0x000000070a900000, 0x000000070a900000, 0x000000070aa00000|  0%| F|  |TAMS 0x000000070a900000, 0x000000070a900000| Untracked 
| 154|0x000000070aa00000, 0x000000070aa00000, 0x000000070ab00000|  0%| F|  |TAMS 0x000000070aa00000, 0x000000070aa00000| Untracked 
| 155|0x000000070ab00000, 0x000000070ab00000, 0x000000070ac00000|  0%| F|  |TAMS 0x000000070ab00000, 0x000000070ab00000| Untracked 
| 156|0x000000070ac00000, 0x000000070ac00000, 0x000000070ad00000|  0%| F|  |TAMS 0x000000070ac00000, 0x000000070ac00000| Untracked 
| 157|0x000000070ad00000, 0x000000070ad00000, 0x000000070ae00000|  0%| F|  |TAMS 0x000000070ad00000, 0x000000070ad00000| Untracked 
| 158|0x000000070ae00000, 0x000000070ae00000, 0x000000070af00000|  0%| F|  |TAMS 0x000000070ae00000, 0x000000070ae00000| Untracked 
| 159|0x000000070af00000, 0x000000070af00000, 0x000000070b000000|  0%| F|  |TAMS 0x000000070af00000, 0x000000070af00000| Untracked 
| 160|0x000000070b000000, 0x000000070b000000, 0x000000070b100000|  0%| F|  |TAMS 0x000000070b000000, 0x000000070b000000| Untracked 
| 161|0x000000070b100000, 0x000000070b100000, 0x000000070b200000|  0%| F|  |TAMS 0x000000070b100000, 0x000000070b100000| Untracked 
| 162|0x000000070b200000, 0x000000070b200000, 0x000000070b300000|  0%| F|  |TAMS 0x000000070b200000, 0x000000070b200000| Untracked 
| 163|0x000000070b300000, 0x000000070b300000, 0x000000070b400000|  0%| F|  |TAMS 0x000000070b300000, 0x000000070b300000| Untracked 
| 164|0x000000070b400000, 0x000000070b400000, 0x000000070b500000|  0%| F|  |TAMS 0x000000070b400000, 0x000000070b400000| Untracked 
| 165|0x000000070b500000, 0x000000070b500000, 0x000000070b600000|  0%| F|  |TAMS 0x000000070b500000, 0x000000070b500000| Untracked 
| 166|0x000000070b600000, 0x000000070b600000, 0x000000070b700000|  0%| F|  |TAMS 0x000000070b600000, 0x000000070b600000| Untracked 
| 167|0x000000070b700000, 0x000000070b700000, 0x000000070b800000|  0%| F|  |TAMS 0x000000070b700000, 0x000000070b700000| Untracked 
| 168|0x000000070b800000, 0x000000070b800000, 0x000000070b900000|  0%| F|  |TAMS 0x000000070b800000, 0x000000070b800000| Untracked 
| 169|0x000000070b900000, 0x000000070b900000, 0x000000070ba00000|  0%| F|  |TAMS 0x000000070b900000, 0x000000070b900000| Untracked 
| 170|0x000000070ba00000, 0x000000070ba00000, 0x000000070bb00000|  0%| F|  |TAMS 0x000000070ba00000, 0x000000070ba00000| Untracked 
| 171|0x000000070bb00000, 0x000000070bb00000, 0x000000070bc00000|  0%| F|  |TAMS 0x000000070bb00000, 0x000000070bb00000| Untracked 
| 172|0x000000070bc00000, 0x000000070bc00000, 0x000000070bd00000|  0%| F|  |TAMS 0x000000070bc00000, 0x000000070bc00000| Untracked 
| 173|0x000000070bd00000, 0x000000070bd00000, 0x000000070be00000|  0%| F|  |TAMS 0x000000070bd00000, 0x000000070bd00000| Untracked 
| 174|0x000000070be00000, 0x000000070be00000, 0x000000070bf00000|  0%| F|  |TAMS 0x000000070be00000, 0x000000070be00000| Untracked 
| 175|0x000000070bf00000, 0x000000070bf00000, 0x000000070c000000|  0%| F|  |TAMS 0x000000070bf00000, 0x000000070bf00000| Untracked 
| 176|0x000000070c000000, 0x000000070c000000, 0x000000070c100000|  0%| F|  |TAMS 0x000000070c000000, 0x000000070c000000| Untracked 
| 177|0x000000070c100000, 0x000000070c100000, 0x000000070c200000|  0%| F|  |TAMS 0x000000070c100000, 0x000000070c100000| Untracked 
| 178|0x000000070c200000, 0x000000070c200000, 0x000000070c300000|  0%| F|  |TAMS 0x000000070c200000, 0x000000070c200000| Untracked 
| 179|0x000000070c300000, 0x000000070c300000, 0x000000070c400000|  0%| F|  |TAMS 0x000000070c300000, 0x000000070c300000| Untracked 
| 180|0x000000070c400000, 0x000000070c400000, 0x000000070c500000|  0%| F|  |TAMS 0x000000070c400000, 0x000000070c400000| Untracked 
| 181|0x000000070c500000, 0x000000070c500000, 0x000000070c600000|  0%| F|  |TAMS 0x000000070c500000, 0x000000070c500000| Untracked 
| 182|0x000000070c600000, 0x000000070c600000, 0x000000070c700000|  0%| F|  |TAMS 0x000000070c600000, 0x000000070c600000| Untracked 
| 183|0x000000070c700000, 0x000000070c700000, 0x000000070c800000|  0%| F|  |TAMS 0x000000070c700000, 0x000000070c700000| Untracked 
| 184|0x000000070c800000, 0x000000070c800000, 0x000000070c900000|  0%| F|  |TAMS 0x000000070c800000, 0x000000070c800000| Untracked 
| 185|0x000000070c900000, 0x000000070c900000, 0x000000070ca00000|  0%| F|  |TAMS 0x000000070c900000, 0x000000070c900000| Untracked 
| 186|0x000000070ca00000, 0x000000070ca00000, 0x000000070cb00000|  0%| F|  |TAMS 0x000000070ca00000, 0x000000070ca00000| Untracked 
| 187|0x000000070cb00000, 0x000000070cb00000, 0x000000070cc00000|  0%| F|  |TAMS 0x000000070cb00000, 0x000000070cb00000| Untracked 
| 188|0x000000070cc00000, 0x000000070cc00000, 0x000000070cd00000|  0%| F|  |TAMS 0x000000070cc00000, 0x000000070cc00000| Untracked 
| 189|0x000000070cd00000, 0x000000070cd00000, 0x000000070ce00000|  0%| F|  |TAMS 0x000000070cd00000, 0x000000070cd00000| Untracked 
| 190|0x000000070ce00000, 0x000000070ce00000, 0x000000070cf00000|  0%| F|  |TAMS 0x000000070ce00000, 0x000000070ce00000| Untracked 
| 191|0x000000070cf00000, 0x000000070cf00000, 0x000000070d000000|  0%| F|  |TAMS 0x000000070cf00000, 0x000000070cf00000| Untracked 
| 192|0x000000070d000000, 0x000000070d000000, 0x000000070d100000|  0%| F|  |TAMS 0x000000070d000000, 0x000000070d000000| Untracked 
| 193|0x000000070d100000, 0x000000070d100000, 0x000000070d200000|  0%| F|  |TAMS 0x000000070d100000, 0x000000070d100000| Untracked 
| 194|0x000000070d200000, 0x000000070d200000, 0x000000070d300000|  0%| F|  |TAMS 0x000000070d200000, 0x000000070d200000| Untracked 
| 195|0x000000070d300000, 0x000000070d300000, 0x000000070d400000|  0%| F|  |TAMS 0x000000070d300000, 0x000000070d300000| Untracked 
| 196|0x000000070d400000, 0x000000070d400000, 0x000000070d500000|  0%| F|  |TAMS 0x000000070d400000, 0x000000070d400000| Untracked 
| 197|0x000000070d500000, 0x000000070d500000, 0x000000070d600000|  0%| F|  |TAMS 0x000000070d500000, 0x000000070d500000| Untracked 
| 198|0x000000070d600000, 0x000000070d600000, 0x000000070d700000|  0%| F|  |TAMS 0x000000070d600000, 0x000000070d600000| Untracked 
| 199|0x000000070d700000, 0x000000070d700000, 0x000000070d800000|  0%| F|  |TAMS 0x000000070d700000, 0x000000070d700000| Untracked 
| 200|0x000000070d800000, 0x000000070d800000, 0x000000070d900000|  0%| F|  |TAMS 0x000000070d800000, 0x000000070d800000| Untracked 
| 201|0x000000070d900000, 0x000000070d900000, 0x000000070da00000|  0%| F|  |TAMS 0x000000070d900000, 0x000000070d900000| Untracked 
| 202|0x000000070da00000, 0x000000070da00000, 0x000000070db00000|  0%| F|  |TAMS 0x000000070da00000, 0x000000070da00000| Untracked 
| 203|0x000000070db00000, 0x000000070db00000, 0x000000070dc00000|  0%| F|  |TAMS 0x000000070db00000, 0x000000070db00000| Untracked 
| 204|0x000000070dc00000, 0x000000070dc00000, 0x000000070dd00000|  0%| F|  |TAMS 0x000000070dc00000, 0x000000070dc00000| Untracked 
| 205|0x000000070dd00000, 0x000000070dd00000, 0x000000070de00000|  0%| F|  |TAMS 0x000000070dd00000, 0x000000070dd00000| Untracked 
| 206|0x000000070de00000, 0x000000070de00000, 0x000000070df00000|  0%| F|  |TAMS 0x000000070de00000, 0x000000070de00000| Untracked 
| 207|0x000000070df00000, 0x000000070df00000, 0x000000070e000000|  0%| F|  |TAMS 0x000000070df00000, 0x000000070df00000| Untracked 
| 208|0x000000070e000000, 0x000000070e000000, 0x000000070e100000|  0%| F|  |TAMS 0x000000070e000000, 0x000000070e000000| Untracked 
| 209|0x000000070e100000, 0x000000070e100000, 0x000000070e200000|  0%| F|  |TAMS 0x000000070e100000, 0x000000070e100000| Untracked 
| 210|0x000000070e200000, 0x000000070e200000, 0x000000070e300000|  0%| F|  |TAMS 0x000000070e200000, 0x000000070e200000| Untracked 
| 211|0x000000070e300000, 0x000000070e400000, 0x000000070e400000|100%| E|  |TAMS 0x000000070e300000, 0x000000070e300000| Complete 
| 212|0x000000070e400000, 0x000000070e500000, 0x000000070e500000|100%| E|CS|TAMS 0x000000070e400000, 0x000000070e400000| Complete 
| 213|0x000000070e500000, 0x000000070e600000, 0x000000070e600000|100%| E|CS|TAMS 0x000000070e500000, 0x000000070e500000| Complete 
| 214|0x000000070e600000, 0x000000070e700000, 0x000000070e700000|100%| E|CS|TAMS 0x000000070e600000, 0x000000070e600000| Complete 
| 215|0x000000070e700000, 0x000000070e800000, 0x000000070e800000|100%| E|CS|TAMS 0x000000070e700000, 0x000000070e700000| Complete 
| 216|0x000000070e800000, 0x000000070e900000, 0x000000070e900000|100%| E|CS|TAMS 0x000000070e800000, 0x000000070e800000| Complete 
| 217|0x000000070e900000, 0x000000070ea00000, 0x000000070ea00000|100%| E|CS|TAMS 0x000000070e900000, 0x000000070e900000| Complete 
| 218|0x000000070ea00000, 0x000000070eb00000, 0x000000070eb00000|100%| E|CS|TAMS 0x000000070ea00000, 0x000000070ea00000| Complete 
| 219|0x000000070eb00000, 0x000000070ec00000, 0x000000070ec00000|100%| E|CS|TAMS 0x000000070eb00000, 0x000000070eb00000| Complete 
| 220|0x000000070ec00000, 0x000000070ed00000, 0x000000070ed00000|100%| E|CS|TAMS 0x000000070ec00000, 0x000000070ec00000| Complete 
| 221|0x000000070ed00000, 0x000000070ee00000, 0x000000070ee00000|100%| E|CS|TAMS 0x000000070ed00000, 0x000000070ed00000| Complete 
| 222|0x000000070ee00000, 0x000000070ef00000, 0x000000070ef00000|100%| E|CS|TAMS 0x000000070ee00000, 0x000000070ee00000| Complete 
| 223|0x000000070ef00000, 0x000000070f000000, 0x000000070f000000|100%| E|CS|TAMS 0x000000070ef00000, 0x000000070ef00000| Complete 
| 224|0x000000070f000000, 0x000000070f100000, 0x000000070f100000|100%| E|CS|TAMS 0x000000070f000000, 0x000000070f000000| Complete 
| 225|0x000000070f100000, 0x000000070f200000, 0x000000070f200000|100%| E|CS|TAMS 0x000000070f100000, 0x000000070f100000| Complete 
| 226|0x000000070f200000, 0x000000070f300000, 0x000000070f300000|100%| E|CS|TAMS 0x000000070f200000, 0x000000070f200000| Complete 
| 227|0x000000070f300000, 0x000000070f400000, 0x000000070f400000|100%| E|CS|TAMS 0x000000070f300000, 0x000000070f300000| Complete 
| 228|0x000000070f400000, 0x000000070f500000, 0x000000070f500000|100%| E|CS|TAMS 0x000000070f400000, 0x000000070f400000| Complete 
| 229|0x000000070f500000, 0x000000070f600000, 0x000000070f600000|100%| E|CS|TAMS 0x000000070f500000, 0x000000070f500000| Complete 
| 230|0x000000070f600000, 0x000000070f700000, 0x000000070f700000|100%| E|CS|TAMS 0x000000070f600000, 0x000000070f600000| Complete 
| 231|0x000000070f700000, 0x000000070f800000, 0x000000070f800000|100%| E|CS|TAMS 0x000000070f700000, 0x000000070f700000| Complete 
| 232|0x000000070f800000, 0x000000070f900000, 0x000000070f900000|100%| E|CS|TAMS 0x000000070f800000, 0x000000070f800000| Complete 
| 233|0x000000070f900000, 0x000000070fa00000, 0x000000070fa00000|100%| E|CS|TAMS 0x000000070f900000, 0x000000070f900000| Complete 
| 234|0x000000070fa00000, 0x000000070fb00000, 0x000000070fb00000|100%| E|CS|TAMS 0x000000070fa00000, 0x000000070fa00000| Complete 
| 235|0x000000070fb00000, 0x000000070fc00000, 0x000000070fc00000|100%| E|CS|TAMS 0x000000070fb00000, 0x000000070fb00000| Complete 
| 236|0x000000070fc00000, 0x000000070fd00000, 0x000000070fd00000|100%| E|CS|TAMS 0x000000070fc00000, 0x000000070fc00000| Complete 
| 237|0x000000070fd00000, 0x000000070fe00000, 0x000000070fe00000|100%| E|CS|TAMS 0x000000070fd00000, 0x000000070fd00000| Complete 
| 238|0x000000070fe00000, 0x000000070ff00000, 0x000000070ff00000|100%| E|CS|TAMS 0x000000070fe00000, 0x000000070fe00000| Complete 
| 239|0x000000070ff00000, 0x0000000710000000, 0x0000000710000000|100%| E|CS|TAMS 0x000000070ff00000, 0x000000070ff00000| Complete 
| 240|0x0000000710000000, 0x0000000710100000, 0x0000000710100000|100%| E|CS|TAMS 0x0000000710000000, 0x0000000710000000| Complete 
| 241|0x0000000710100000, 0x0000000710200000, 0x0000000710200000|100%| E|CS|TAMS 0x0000000710100000, 0x0000000710100000| Complete 
| 242|0x0000000710200000, 0x0000000710300000, 0x0000000710300000|100%| E|CS|TAMS 0x0000000710200000, 0x0000000710200000| Complete 
| 243|0x0000000710300000, 0x0000000710400000, 0x0000000710400000|100%| E|CS|TAMS 0x0000000710300000, 0x0000000710300000| Complete 
| 244|0x0000000710400000, 0x0000000710500000, 0x0000000710500000|100%| E|CS|TAMS 0x0000000710400000, 0x0000000710400000| Complete 
| 245|0x0000000710500000, 0x0000000710600000, 0x0000000710600000|100%| E|CS|TAMS 0x0000000710500000, 0x0000000710500000| Complete 
| 246|0x0000000710600000, 0x0000000710700000, 0x0000000710700000|100%| E|CS|TAMS 0x0000000710600000, 0x0000000710600000| Complete 
| 247|0x0000000710700000, 0x0000000710800000, 0x0000000710800000|100%| E|CS|TAMS 0x0000000710700000, 0x0000000710700000| Complete 
| 248|0x0000000710800000, 0x0000000710900000, 0x0000000710900000|100%| E|CS|TAMS 0x0000000710800000, 0x0000000710800000| Complete 
| 249|0x0000000710900000, 0x0000000710a00000, 0x0000000710a00000|100%| E|CS|TAMS 0x0000000710900000, 0x0000000710900000| Complete 
| 250|0x0000000710a00000, 0x0000000710b00000, 0x0000000710b00000|100%| E|CS|TAMS 0x0000000710a00000, 0x0000000710a00000| Complete 
| 251|0x0000000710b00000, 0x0000000710c00000, 0x0000000710c00000|100%| E|CS|TAMS 0x0000000710b00000, 0x0000000710b00000| Complete 
| 252|0x0000000710c00000, 0x0000000710d00000, 0x0000000710d00000|100%| E|CS|TAMS 0x0000000710c00000, 0x0000000710c00000| Complete 
| 253|0x0000000710d00000, 0x0000000710e00000, 0x0000000710e00000|100%| E|CS|TAMS 0x0000000710d00000, 0x0000000710d00000| Complete 
| 254|0x0000000710e00000, 0x0000000710f00000, 0x0000000710f00000|100%| E|CS|TAMS 0x0000000710e00000, 0x0000000710e00000| Complete 
| 255|0x0000000710f00000, 0x0000000711000000, 0x0000000711000000|100%| E|CS|TAMS 0x0000000710f00000, 0x0000000710f00000| Complete 

Card table byte_map: [0x0000023cb1380000,0x0000023cb1b80000] _byte_map_base: 0x0000023cadb78000

Marking Bits (Prev, Next): (CMBitMap*) 0x0000023c96f4bc98, (CMBitMap*) 0x0000023c96f4bcd0
 Prev Bits: [0x0000023cb2380000, 0x0000023cb6340000)
 Next Bits: [0x0000023cb6340000, 0x0000023cba300000)

Polling page: 0x0000023c96fd0000

Metaspace:

Usage:
  Non-class:     15.33 MB capacity,    15.07 MB ( 98%) used,   209.02 KB (  1%) free+waste,    53.50 KB ( <1%) overhead. 
      Class:      1.94 MB capacity,     1.71 MB ( 88%) used,   213.50 KB ( 11%) free+waste,    28.25 KB (  1%) overhead. 
       Both:     17.27 MB capacity,    16.78 MB ( 97%) used,   422.52 KB (  2%) free+waste,    81.75 KB ( <1%) overhead. 

Virtual space:
  Non-class space:       16.00 MB reserved,      15.50 MB ( 97%) committed 
      Class space:        1.00 GB reserved,       2.00 MB ( <1%) committed 
             Both:        1.02 GB reserved,      17.50 MB (  2%) committed 

Chunk freelists:
   Non-Class:  6.25 KB
       Class:  0 bytes
        Both:  6.25 KB

CodeHeap 'non-profiled nmethods': size=119168Kb used=1411Kb max_used=1411Kb free=117756Kb
 bounds [0x0000023ca8770000, 0x0000023ca89e0000, 0x0000023cafbd0000]
CodeHeap 'profiled nmethods': size=119168Kb used=4425Kb max_used=4425Kb free=114742Kb
 bounds [0x0000023ca1310000, 0x0000023ca1770000, 0x0000023ca8770000]
CodeHeap 'non-nmethods': size=7424Kb used=1216Kb max_used=2931Kb free=6207Kb
 bounds [0x0000023ca0bd0000, 0x0000023ca0ec0000, 0x0000023ca1310000]
 total_blobs=2972 nmethods=2393 adapters=490
 compilation: enabled
              stopped_count=0, restarted_count=0
 full_count=0

Compilation events (10 events):
Event: 89.965 Thread 0x0000023cbdd46000 2389       4       java.util.ArrayList::toArray (57 bytes)
Event: 89.967 Thread 0x0000023cbdd46000 nmethod 2389 0x0000023ca88ce890 code [0x0000023ca88cea20, 0x0000023ca88ced78]
Event: 90.173 Thread 0x0000023cbdd46000 2390  s    4       sun.java2d.StateTrackableDelegate::getStateTracker (82 bytes)
Event: 90.175 Thread 0x0000023cbdd46000 nmethod 2390 0x0000023ca88cef10 code [0x0000023ca88cf0a0, 0x0000023ca88cf538]
Event: 90.243 Thread 0x0000023cbdd46000 2391  s    4       sun.java2d.ScreenUpdateManager::getInstance (39 bytes)
Event: 90.244 Thread 0x0000023cbdd46000 nmethod 2391 0x0000023ca88cf690 code [0x0000023ca88cf820, 0x0000023ca88cfa78]
Event: 90.276 Thread 0x0000023cbdd46000 2392       4       sun.font.Font2D::updateLastStrikeRef (42 bytes)
Event: 90.279 Thread 0x0000023cbdd46000 nmethod 2392 0x0000023ca88cfb10 code [0x0000023ca88cfcc0, 0x0000023ca88d00b8]
Event: 90.556 Thread 0x0000023cbdd46000 2393       4       java.awt.AWTEvent::<init> (81 bytes)
Event: 90.561 Thread 0x0000023cbdd46000 nmethod 2393 0x0000023ca88d0210 code [0x0000023ca88d03c0, 0x0000023ca88d09d8]

GC Heap History (6 events):
Event: 1.512 GC heap before
{Heap before GC invocations=0 (full 0):
 garbage-first heap   total 262144K, used 40960K [0x0000000701000000, 0x0000000800000000)
  region size 1024K, 24 young (24576K), 0 survivors (0K)
 Metaspace       used 16734K, capacity 17208K, committed 17408K, reserved 1064960K
  class space    used 1719K, capacity 1958K, committed 2048K, reserved 1048576K
}
Event: 1.516 GC heap after
{Heap after GC invocations=1 (full 0):
 garbage-first heap   total 262144K, used 19492K [0x0000000701000000, 0x0000000800000000)
  region size 1024K, 3 young (3072K), 3 survivors (3072K)
 Metaspace       used 16734K, capacity 17208K, committed 17408K, reserved 1064960K
  class space    used 1719K, capacity 1958K, committed 2048K, reserved 1048576K
}
Event: 40.833 GC heap before
{Heap before GC invocations=1 (full 0):
 garbage-first heap   total 262144K, used 173092K [0x0000000701000000, 0x0000000800000000)
  region size 1024K, 153 young (156672K), 3 survivors (3072K)
 Metaspace       used 17160K, capacity 17683K, committed 17920K, reserved 1064960K
  class space    used 1744K, capacity 1989K, committed 2048K, reserved 1048576K
}
Event: 40.836 GC heap after
{Heap after GC invocations=2 (full 0):
 garbage-first heap   total 262144K, used 15724K [0x0000000701000000, 0x0000000800000000)
  region size 1024K, 4 young (4096K), 4 survivors (4096K)
 Metaspace       used 17160K, capacity 17683K, committed 17920K, reserved 1064960K
  class space    used 1744K, capacity 1989K, committed 2048K, reserved 1048576K
}
Event: 80.641 GC heap before
{Heap before GC invocations=2 (full 0):
 garbage-first heap   total 262144K, used 168300K [0x0000000701000000, 0x0000000800000000)
  region size 1024K, 153 young (156672K), 4 survivors (4096K)
 Metaspace       used 17165K, capacity 17683K, committed 17920K, reserved 1064960K
  class space    used 1744K, capacity 1989K, committed 2048K, reserved 1048576K
}
Event: 80.645 GC heap after
{Heap after GC invocations=3 (full 0):
 garbage-first heap   total 262144K, used 15741K [0x0000000701000000, 0x0000000800000000)
  region size 1024K, 4 young (4096K), 4 survivors (4096K)
 Metaspace       used 17165K, capacity 17683K, committed 17920K, reserved 1064960K
  class space    used 1744K, capacity 1989K, committed 2048K, reserved 1048576K
}

Deoptimization events (10 events):
Event: 4.766 Thread 0x0000023cc5b2a800 Uncommon trap: reason=unstable_if action=reinterpret pc=0x0000023ca884b500 method=sun.font.GlyphList.ensureCapacity(I)V @ 49 c2
Event: 4.766 Thread 0x0000023cc5b2a800 Uncommon trap: reason=unstable_if action=reinterpret pc=0x0000023ca8819180 method=sun.font.CompositeGlyphMapper.charsToGlyphsNS(I[C[I)Z @ 103 c2
Event: 4.766 Thread 0x0000023cc5b2a800 Uncommon trap: reason=unstable_if action=reinterpret pc=0x0000023ca8818330 method=sun.font.FileFontStrike.getSlot0GlyphImagePtrs([I[JI)I @ 62 c2
Event: 4.871 Thread 0x0000023cc5b2a800 Uncommon trap: reason=unstable_if action=reinterpret pc=0x0000023ca8800e7c method=sun.font.CompositeGlyphMapper.charsToGlyphsNS(I[C[I)Z @ 103 c2
Event: 4.871 Thread 0x0000023cc5b2a800 Uncommon trap: reason=unstable_if action=reinterpret pc=0x0000023ca8801c34 method=sun.font.FileFontStrike.getSlot0GlyphImagePtrs([I[JI)I @ 62 c2
Event: 7.495 Thread 0x0000023cc5b2a800 Uncommon trap: reason=unstable_if action=reinterpret pc=0x0000023ca8885b7c method=sun.font.FileFontStrike.getCachedGlyphPtrInternal(I)J @ 99 c2
Event: 89.999 Thread 0x0000023cc56a0000 Uncommon trap: reason=class_check action=make_not_entrant pc=0x0000023ca88cebb4 method=java.util.ArrayList.toArray([Ljava/lang/Object;)[Ljava/lang/Object; @ 21 c2
Event: 92.032 Thread 0x0000023cc5b2a800 Uncommon trap: reason=unstable_if action=reinterpret pc=0x0000023ca888077c method=sun.java2d.pipe.BufferedContext.validate(Lsun/java2d/pipe/hw/AccelSurface;Lsun/java2d/pipe/hw/AccelSurface;Lsun/java2d/pipe/Region;Ljava/awt/Composite;Ljava/awt/geom/AffineT
Event: 92.033 Thread 0x0000023cc5b2a800 Uncommon trap: reason=bimorphic_or_optimized_type_check action=maybe_recompile pc=0x0000023ca88c47f0 method=sun.java2d.SunGraphics2D.validateColor()V @ 94 c2
Event: 92.034 Thread 0x0000023cc5b2a800 Uncommon trap: reason=unstable_if action=reinterpret pc=0x0000023ca883e284 method=sun.java2d.SurfaceDataProxy.replaceData(Lsun/java2d/SurfaceData;ILsun/java2d/loops/CompositeType;Ljava/awt/Color;)Lsun/java2d/SurfaceData; @ 113 c2

Classes redefined (0 events):
No events

Internal exceptions (10 events):
Event: 0.888 Thread 0x0000023cc5b2a800 Exception <a 'java/lang/NoSuchMethodError'{0x000000070fb5f3d8}: java.lang.invoke.DirectMethodHandle$Holder.invokeStatic(Ljava/lang/Object;Ljava/lang/Object;Ljava/lang/Object;Ljava/lang/Object;Ljava/lang/Object;Ljava/lang/Object;Ljava/lang/Object;Ljava/lan
Event: 0.974 Thread 0x0000023cc5b2a800 Implicit null exception at 0x0000023ca877c9af to 0x0000023ca877ca29
Event: 1.633 Thread 0x0000023cc5b2a800 Exception <a 'java/lang/NoSuchMethodError'{0x0000000710ef27f0}: java.lang.invoke.DirectMethodHandle$Holder.invokeSpecial(Ljava/lang/Object;Ljava/lang/Object;IIIIII)Ljava/lang/Object;> (0x0000000710ef27f0) thrown at [./open/src/hotspot/share/interpreter/li
Event: 1.633 Thread 0x0000023cc5b2a800 Exception <a 'java/lang/NoSuchMethodError'{0x0000000710ef5b10}: java.lang.invoke.DelegatingMethodHandle$Holder.reinvoke_L(Ljava/lang/Object;IIIIII)Ljava/lang/Object;> (0x0000000710ef5b10) thrown at [./open/src/hotspot/share/interpreter/linkResolver.cpp, l
Event: 1.633 Thread 0x0000023cc5b2a800 Exception <a 'java/lang/NoSuchMethodError'{0x0000000710efc620}: java.lang.invoke.DirectMethodHandle$Holder.invokeStatic(Ljava/lang/Object;Ljava/lang/Object;Ljava/lang/Object;Ljava/lang/Object;Ljava/lang/Object;I)Ljava/lang/Object;> (0x0000000710efc620) th
Event: 4.765 Thread 0x0000023cc5b2a800 Implicit null exception at 0x0000023ca883178b to 0x0000023ca88331f8
Event: 7.495 Thread 0x0000023cc5b2a800 Implicit null exception at 0x0000023ca8885566 to 0x0000023ca8885b38
Event: 8.352 Thread 0x0000023cc5b2a800 Exception <a 'java/lang/NullPointerException'{0x000000070efdf548}> (0x000000070efdf548) thrown at [./open/src/hotspot/share/interpreter/linkResolver.cpp, line 1354]
Event: 8.352 Thread 0x0000023cc5b2a800 Exception <a 'java/lang/NullPointerException'{0x000000070efdf548}> (0x000000070efdf548) thrown at [./open/src/hotspot/share/prims/jvm.cpp, line 1309]
Event: 8.352 Thread 0x0000023cc5b2a800 Exception <a 'java/lang/NullPointerException'{0x000000070efdf548}> (0x000000070efdf548) thrown at [./open/src/hotspot/share/prims/jvm.cpp, line 1309]

Events (10 events):
Event: 92.010 Thread 0x0000023cc5b20800 Thread exited: 0x0000023cc5b20800
Event: 92.032 Thread 0x0000023cc5b2a800 Uncommon trap: trap_request=0xffffff4d fr.pc=0x0000023ca888077c relative=0x0000000000001bdc
Event: 92.032 Thread 0x0000023cc5b2a800 DEOPT PACKING pc=0x0000023ca888077c sp=0x000000cfd93fa7d0
Event: 92.032 Thread 0x0000023cc5b2a800 DEOPT UNPACKING pc=0x0000023ca0bf68af sp=0x000000cfd93fa768 mode 2
Event: 92.033 Thread 0x0000023cc5b2a800 Uncommon trap: trap_request=0xffffffc6 fr.pc=0x0000023ca88c47f0 relative=0x00000000000001b0
Event: 92.033 Thread 0x0000023cc5b2a800 DEOPT PACKING pc=0x0000023ca88c47f0 sp=0x000000cfd93fa880
Event: 92.033 Thread 0x0000023cc5b2a800 DEOPT UNPACKING pc=0x0000023ca0bf68af sp=0x000000cfd93fa7f8 mode 2
Event: 92.034 Thread 0x0000023cc5b2a800 Uncommon trap: trap_request=0xffffff4d fr.pc=0x0000023ca883e284 relative=0x0000000000000144
Event: 92.034 Thread 0x0000023cc5b2a800 DEOPT PACKING pc=0x0000023ca883e284 sp=0x000000cfd93fa6f0
Event: 92.034 Thread 0x0000023cc5b2a800 DEOPT UNPACKING pc=0x0000023ca0bf68af sp=0x000000cfd93fa648 mode 2


Dynamic libraries:
0x00007ff737ab0000 - 0x00007ff737abf000 	C:\Program Files\Java\jdk-11.0.11\bin\java.exe
0x00007fff98490000 - 0x00007fff98685000 	C:\Windows\SYSTEM32\ntdll.dll
0x00007fff96bc0000 - 0x00007fff96c7e000 	C:\Windows\System32\KERNEL32.DLL
0x00007fff95d00000 - 0x00007fff95fc8000 	C:\Windows\System32\KERNELBASE.dll
0x00007fff95ba0000 - 0x00007fff95ca0000 	C:\Windows\System32\ucrtbase.dll
0x00007fff93310000 - 0x00007fff93325000 	C:\Program Files\Java\jdk-11.0.11\bin\VCRUNTIME140.dll
0x00007fff91840000 - 0x00007fff91858000 	C:\Program Files\Java\jdk-11.0.11\bin\jli.dll
0x00007fff96620000 - 0x00007fff966cc000 	C:\Windows\System32\ADVAPI32.dll
0x00007fff97850000 - 0x00007fff978ee000 	C:\Windows\System32\msvcrt.dll
0x00007fff97e40000 - 0x00007fff97edb000 	C:\Windows\System32\sechost.dll
0x00007fff97670000 - 0x00007fff9779a000 	C:\Windows\System32\RPCRT4.dll
0x00007fff981e0000 - 0x00007fff98381000 	C:\Windows\System32\USER32.dll
0x00007fff827b0000 - 0x00007fff82a4a000 	C:\Windows\WinSxS\amd64_microsoft.windows.common-controls_6595b64144ccf1df_6.0.19041.1110_none_60b5254171f9507e\COMCTL32.dll
0x00007fff95ca0000 - 0x00007fff95cc2000 	C:\Windows\System32\win32u.dll
0x00007fff964e0000 - 0x00007fff9650b000 	C:\Windows\System32\GDI32.dll
0x00007fff963c0000 - 0x00007fff964cd000 	C:\Windows\System32\gdi32full.dll
0x00007fff96240000 - 0x00007fff962dd000 	C:\Windows\System32\msvcp_win.dll
0x00007fff8f510000 - 0x00007fff8f51a000 	C:\Windows\SYSTEM32\VERSION.dll
0x00007fff98390000 - 0x00007fff983c0000 	C:\Windows\System32\IMM32.DLL
0x00007fff8c190000 - 0x00007fff8c22b000 	C:\Program Files\Java\jdk-11.0.11\bin\msvcp140.dll
0x00007ffefe2b0000 - 0x00007ffefedae000 	C:\Program Files\Java\jdk-11.0.11\bin\server\jvm.dll
0x00007fff964d0000 - 0x00007fff964d8000 	C:\Windows\System32\PSAPI.DLL
0x00007fff8c450000 - 0x00007fff8c477000 	C:\Windows\SYSTEM32\WINMM.dll
0x00007fff7df00000 - 0x00007fff7df09000 	C:\Windows\SYSTEM32\WSOCK32.dll
0x00007fff98090000 - 0x00007fff980fb000 	C:\Windows\System32\WS2_32.dll
0x00007fff93990000 - 0x00007fff939a2000 	C:\Windows\SYSTEM32\kernel.appcore.dll
0x00007fff933e0000 - 0x00007fff933f0000 	C:\Program Files\Java\jdk-11.0.11\bin\verify.dll
0x00007fff87630000 - 0x00007fff87814000 	C:\Windows\SYSTEM32\DBGHELP.DLL
0x00007fff7c820000 - 0x00007fff7c84c000 	C:\Windows\SYSTEM32\dbgcore.DLL
0x00007fff96330000 - 0x00007fff963b2000 	C:\Windows\System32\bcryptPrimitives.dll
0x00007fff916a0000 - 0x00007fff916c8000 	C:\Program Files\Java\jdk-11.0.11\bin\java.dll
0x00007fff91690000 - 0x00007fff9169a000 	C:\Program Files\Java\jdk-11.0.11\bin\jimage.dll
0x00007fff91680000 - 0x00007fff9168e000 	C:\Program Files\Java\jdk-11.0.11\bin\instrument.dll
0x00007fff91660000 - 0x00007fff91676000 	C:\Program Files\Java\jdk-11.0.11\bin\zip.dll
0x00007fff96c80000 - 0x00007fff973c4000 	C:\Windows\System32\SHELL32.dll
0x00007fff93c70000 - 0x00007fff94404000 	C:\Windows\SYSTEM32\windows.storage.dll
0x00007fff96800000 - 0x00007fff96b55000 	C:\Windows\System32\combase.dll
0x00007fff95510000 - 0x00007fff9553e000 	C:\Windows\SYSTEM32\Wldp.dll
0x00007fff975b0000 - 0x00007fff9765d000 	C:\Windows\System32\SHCORE.dll
0x00007fff97550000 - 0x00007fff975a5000 	C:\Windows\System32\shlwapi.dll
0x00007fff95ae0000 - 0x00007fff95aff000 	C:\Windows\SYSTEM32\profapi.dll
0x00007fff91640000 - 0x00007fff91659000 	C:\Program Files\Java\jdk-11.0.11\bin\net.dll
0x00007fff895e0000 - 0x00007fff896ec000 	C:\Windows\SYSTEM32\WINHTTP.dll
0x00007fff952f0000 - 0x00007fff9535a000 	C:\Windows\system32\mswsock.dll
0x00007fff90d30000 - 0x00007fff90d42000 	C:\Program Files\Java\jdk-11.0.11\bin\nio.dll
0x00007fff8c680000 - 0x00007fff8c69a000 	C:\Program Files\JetBrains\IntelliJ IDEA 2021.2.3\bin\breakgen64.dll
0x00007fff88ac0000 - 0x00007fff88c5a000 	C:\Program Files\Java\jdk-11.0.11\bin\awt.dll
0x00007fff978f0000 - 0x00007fff979bd000 	C:\Windows\System32\OLEAUT32.dll
0x00007fff93490000 - 0x00007fff93520000 	C:\Windows\SYSTEM32\apphelp.dll
0x00007fff93960000 - 0x00007fff9398f000 	C:\Windows\system32\DWMAPI.DLL
0x00007fff93590000 - 0x00007fff9362e000 	C:\Windows\system32\uxtheme.dll
0x00007fff80180000 - 0x00007fff802a5000 	C:\Windows\system32\opengl32.dll
0x00007fff88920000 - 0x00007fff8894c000 	C:\Windows\SYSTEM32\GLU32.dll
0x00007fff97430000 - 0x00007fff97545000 	C:\Windows\System32\MSCTF.dll
0x00007fff966d0000 - 0x00007fff967fa000 	C:\Windows\System32\ole32.dll
0x00007fff958e0000 - 0x00007fff958f2000 	C:\Windows\SYSTEM32\msasn1.dll
0x00007fff8f450000 - 0x00007fff8f481000 	C:\Windows\SYSTEM32\cryptnet.dll
0x00007fff960e0000 - 0x00007fff96236000 	C:\Windows\System32\CRYPT32.dll
0x00007fff8dd60000 - 0x00007fff8deaa000 	C:\Windows\SYSTEM32\drvstore.dll
0x00007fff95960000 - 0x00007fff95994000 	C:\Windows\SYSTEM32\devobj.dll
0x00007fff962e0000 - 0x00007fff9632e000 	C:\Windows\System32\cfgmgr32.dll
0x00007fff95480000 - 0x00007fff9548c000 	C:\Windows\SYSTEM32\cryptbase.dll
0x00007fff95fd0000 - 0x00007fff96030000 	C:\Windows\System32\WINTRUST.DLL
0x00007fff983c0000 - 0x00007fff983dd000 	C:\Windows\System32\imagehlp.dll
0x00007fff95850000 - 0x00007fff95868000 	C:\Windows\SYSTEM32\CRYPTSP.dll
0x00007fff94c20000 - 0x00007fff94c54000 	C:\Windows\system32\rsaenh.dll
0x00007fff95cd0000 - 0x00007fff95cf7000 	C:\Windows\System32\bcrypt.dll
0x00007fff1a9f0000 - 0x00007fff1acb5000 	C:\Windows\system32\nvspcap64.dll
0x00007fff94850000 - 0x00007fff94883000 	C:\Windows\SYSTEM32\ntmarta.dll
0x00007fff94420000 - 0x00007fff94443000 	C:\Windows\SYSTEM32\gpapi.dll
0x00007fff90c40000 - 0x00007fff90c7b000 	C:\Windows\SYSTEM32\dxcore.dll
0x00007fff95aa0000 - 0x00007fff95ace000 	C:\Windows\SYSTEM32\USERENV.dll
0x00007fff94fb0000 - 0x00007fff94feb000 	C:\Windows\SYSTEM32\IPHLPAPI.DLL
0x00007fff98440000 - 0x00007fff98448000 	C:\Windows\System32\NSI.dll
0x00007fff901b0000 - 0x00007fff901c7000 	C:\Windows\SYSTEM32\dhcpcsvc6.DLL
0x00007fff90190000 - 0x00007fff901ad000 	C:\Windows\SYSTEM32\dhcpcsvc.DLL
0x00007fff95000000 - 0x00007fff950cb000 	C:\Windows\SYSTEM32\DNSAPI.dll
0x00007fff8c0c0000 - 0x00007fff8c145000 	C:\Program Files\Java\jdk-11.0.11\bin\freetype.dll
0x00007fff64cf0000 - 0x00007fff64de2000 	C:\Program Files\Java\jdk-11.0.11\bin\harfbuzz.dll
0x00007fff8c4e0000 - 0x00007fff8c4f2000 	C:\Program Files\Java\jdk-11.0.11\bin\fontmanager.dll
0x00007fff86730000 - 0x00007fff86829000 	C:\Windows\SYSTEM32\textinputframework.dll
0x00007fff930d0000 - 0x00007fff931c2000 	C:\Windows\System32\CoreMessaging.dll
0x00007fff92d70000 - 0x00007fff930ce000 	C:\Windows\System32\CoreUIComponents.dll
0x00007fff92670000 - 0x00007fff927c4000 	C:\Windows\SYSTEM32\wintypes.dll

dbghelp: loaded successfully - version: 4.0.5 - missing functions: none
symbol engine: initialized successfully - sym options: 0x614 - pdb path: .;C:\Program Files\Java\jdk-11.0.11\bin;C:\Windows\SYSTEM32;C:\Windows\WinSxS\amd64_microsoft.windows.common-controls_6595b64144ccf1df_6.0.19041.1110_none_60b5254171f9507e;C:\Program Files\Java\jdk-11.0.11\bin\server;C:\Program Files\JetBrains\IntelliJ IDEA 2021.2.3\bin;C:\Windows\System32\DriverStore\FileRepository\nv_dispi.inf_amd64_642e50d7b66aa2a4

VM Arguments:
jvm_args: -javaagent:C:\Program Files\JetBrains\IntelliJ IDEA 2021.2.3\lib\idea_rt.jar=51655:C:\Program Files\JetBrains\IntelliJ IDEA 2021.2.3\bin -Dfile.encoding=UTF-8 
java_command: com.serkox.main.Main
java_class_path (initial): C:\Users\augus\IdeaProjects\projetIA\bin
Launcher Type: SUN_STANDARD

[Global flags]
     intx CICompilerCount                          = 12                                        {product} {ergonomic}
     uint ConcGCThreads                            = 3                                         {product} {ergonomic}
     uint G1ConcRefinementThreads                  = 13                                        {product} {ergonomic}
   size_t G1HeapRegionSize                         = 1048576                                   {product} {ergonomic}
    uintx GCDrainStackTargetSize                   = 64                                        {product} {ergonomic}
   size_t InitialHeapSize                          = 268435456                                 {product} {ergonomic}
   size_t MarkStackSize                            = 4194304                                   {product} {ergonomic}
   size_t MaxHeapSize                              = 4278190080                                {product} {ergonomic}
   size_t MaxNewSize                               = 2566914048                                {product} {ergonomic}
   size_t MinHeapDeltaBytes                        = 1048576                                   {product} {ergonomic}
    uintx NonNMethodCodeHeapSize                   = 7594288                                {pd product} {ergonomic}
    uintx NonProfiledCodeHeapSize                  = 122031976                              {pd product} {ergonomic}
    uintx ProfiledCodeHeapSize                     = 122031976                              {pd product} {ergonomic}
    uintx ReservedCodeCacheSize                    = 251658240                              {pd product} {ergonomic}
     bool SegmentedCodeCache                       = true                                      {product} {ergonomic}
     bool UseCompressedClassPointers               = true                                 {lp64_product} {ergonomic}
     bool UseCompressedOops                        = true                                 {lp64_product} {ergonomic}
     bool UseG1GC                                  = true                                      {product} {ergonomic}
     bool UseLargePagesIndividualAllocation        = false                                  {pd product} {ergonomic}

Logging:
Log output configuration:
 #0: stdout all=warning uptime,level,tags
 #1: stderr all=off uptime,level,tags

Environment Variables:
PATH=C:\Program Files\Common Files\Oracle\Java\javapath;C:\Program Files (x86)\Common Files\Oracle\Java\javapath;C:\Windows\system32;C:\Windows;C:\Windows\System32\Wbem;C:\Windows\System32\WindowsPowerShell\v1.0\;C:\Windows\System32\OpenSSH\;D:\PuTTY\;C:\Program Files (x86)\NVIDIA Corporation\PhysX\Common;C:\Program Files\NVIDIA Corporation\NVIDIA NvDLISR;C:\Program Files\Microsoft SQL Server\130\Tools\Binn\;C:\Program Files\Microsoft SQL Server\Client SDK\ODBC\170\Tools\Binn\;C:\wamp64\bin\php\php7.4.9;C:\composer;D:\Git\cmd;C:\Program Files\dotnet\;C:\Program Files\Java\jdk-16\bin;D:\nodejs\;C:\Program Files\Docker\Docker\resources\bin;C:\ProgramData\DockerDesktop\version-bin;C:\Users\augus\Documents\php8;C:\Program Files\Microsoft SQL Server\150\Tools\Binn\;C:\Users\augus\AppData\Local\Microsoft\WindowsApps;C:\Users\augus\AppData\Local\Programs\Microsoft VS Code\bin;C:\Users\augus\AppData\Roaming\Composer\vendor\bin;C:\Users\augus\.dotnet\tools;C:\Users\augus\AppData\Roaming\npm;D:\Inkscape\bin;C:\Program Files\JetBrains\IntelliJ IDEA 2021.2.3\bin;
USERNAME=augus
OS=Windows_NT
PROCESSOR_IDENTIFIER=AMD64 Family 23 Model 8 Stepping 2, AuthenticAMD



---------------  S Y S T E M  ---------------

OS: Windows 10 , 64 bit Build 19041 (10.0.19041.1348)
Hyper-V role detected

CPU:total 16 (initial active 16) (16 cores per cpu, 2 threads per core) family 23 model 8 stepping 2 microcode 0x0, cmov, cx8, fxsr, mmx, sse, sse2, sse3, ssse3, sse4.1, sse4.2, popcnt, avx, avx2, aes, clmul, mmxext, 3dnowpref, lzcnt, sse4a, ht, tsc, tscinvbit, tscinv, bmi1, bmi2, adx, s

Memory: 4k page, system-wide physical 16312M (4579M free)
TotalPageFile size 20280M (AvailPageFile size 4371M)
current process WorkingSet (physical memory assigned to process): 250M, peak: 276M
current process commit charge ("private bytes"): 412M, peak: 446M

vm_info: Java HotSpot(TM) 64-Bit Server VM (11.0.11+9-LTS-194) for windows-amd64 JRE (11.0.11+9-LTS-194), built on Mar 18 2021 18:46:53 by "mach5one" with MS VC++ 15.9 (VS2017)

END.
